<?xml version="1.0" encoding="UTF-8"?>
<robot generator="Robot 6.0.1 (Python 3.8.10 on win32)" generated="20221121 00:57:52.671" rpa="false" schemaversion="3">
<suite id="s1" name="Britinsurance" source="C:\cygwin64\home\razarthasaj\Britsproject\britinsurance.robot">
<test id="s1-t1" name="Scenario_1" line="5">
<kw name="GIVEN I have navigated brits insurance screen" library="keywords">
<kw name="load_the_URL_path" library="keywords">
<doc>Navigate: Go to https://www.britinsurance.com/</doc>
<kw name="Evaluate" library="BuiltIn">
<var>${chrome_options}</var>
<arg>sys.modules['selenium.webdriver'].ChromeOptions()</arg>
<arg>sys, selenium.webdriver</arg>
<doc>Evaluates the given expression in Python and returns the result.</doc>
<msg timestamp="20221121 00:57:53.089" level="INFO">${chrome_options} = &lt;selenium.webdriver.chrome.options.Options object at 0x048A11A8&gt;</msg>
<status status="PASS" starttime="20221121 00:57:53.088" endtime="20221121 00:57:53.089"/>
</kw>
<kw name="Call Method" library="BuiltIn">
<arg>${chrome_options}</arg>
<arg>add_argument</arg>
<arg>--log-level\=3</arg>
<doc>Calls the named method of the given object with the provided arguments.</doc>
<status status="PASS" starttime="20221121 00:57:53.089" endtime="20221121 00:57:53.089"/>
</kw>
<kw name="Call Method" library="BuiltIn">
<arg>${chrome_options}</arg>
<arg>add_argument</arg>
<arg>--start-maximized</arg>
<doc>Calls the named method of the given object with the provided arguments.</doc>
<status status="PASS" starttime="20221121 00:57:53.089" endtime="20221121 00:57:53.090"/>
</kw>
<kw name="Call Method" library="BuiltIn">
<arg>${chrome_options}</arg>
<arg>add_argument</arg>
<arg>--disable-extensions</arg>
<doc>Calls the named method of the given object with the provided arguments.</doc>
<status status="PASS" starttime="20221121 00:57:53.090" endtime="20221121 00:57:53.090"/>
</kw>
<kw name="Create Webdriver" library="SeleniumLibrary">
<arg>Chrome</arg>
<arg>chrome_options=${chrome_options}</arg>
<doc>Creates an instance of Selenium WebDriver.</doc>
<msg timestamp="20221121 00:57:53.090" level="INFO">Creating an instance of the Chrome WebDriver.</msg>
<status status="PASS" starttime="20221121 00:57:53.090" endtime="20221121 00:57:54.557"/>
</kw>
<kw name="Go To" library="SeleniumLibrary">
<arg>${testURL}</arg>
<doc>Navigates the current browser window to the provided ``url``.</doc>
<msg timestamp="20221121 00:57:54.558" level="INFO">Opening url 'https://www.britinsurance.com/'</msg>
<status status="PASS" starttime="20221121 00:57:54.558" endtime="20221121 00:57:55.360"/>
</kw>
<kw name="Maximize Browser Window" library="SeleniumLibrary">
<doc>Maximizes current browser window.</doc>
<status status="PASS" starttime="20221121 00:57:55.361" endtime="20221121 00:57:55.368"/>
</kw>
<kw name="Wait Until Page Contains" library="SeleniumLibrary">
<arg>Brit Insurance</arg>
<arg>5s</arg>
<doc>Waits until ``text`` appears on the current page.</doc>
<status status="PASS" starttime="20221121 00:57:55.368" endtime="20221121 00:57:55.389"/>
</kw>
<status status="PASS" starttime="20221121 00:57:53.088" endtime="20221121 00:57:55.389"/>
</kw>
<kw name="Page Should Contain Button" library="SeleniumLibrary">
<arg>//button[@type='button']</arg>
<doc>Verifies button ``locator`` is found from current page.</doc>
<msg timestamp="20221121 00:57:55.524" level="INFO">Current page contains button '//button[@type='button']'.</msg>
<status status="PASS" starttime="20221121 00:57:55.389" endtime="20221121 00:57:55.524"/>
</kw>
<kw name="Page Should Contain Button" library="SeleniumLibrary">
<arg>class:header--toggle</arg>
<doc>Verifies button ``locator`` is found from current page.</doc>
<msg timestamp="20221121 00:57:55.574" level="INFO">Current page contains button 'class:header--toggle'.</msg>
<status status="PASS" starttime="20221121 00:57:55.524" endtime="20221121 00:57:55.575"/>
</kw>
<kw name="Page Should Contain Link" library="SeleniumLibrary">
<arg>class:link-overlay</arg>
<doc>Verifies link identified by ``locator`` is found from current page.</doc>
<msg timestamp="20221121 00:57:55.592" level="INFO">Current page contains link 'class:link-overlay'.</msg>
<status status="PASS" starttime="20221121 00:57:55.575" endtime="20221121 00:57:55.592"/>
</kw>
<status status="PASS" starttime="20221121 00:57:53.087" endtime="20221121 00:57:55.592"/>
</kw>
<kw name="WHEN I search for term &lt;IFRS 17&gt; in the search bar" library="keywords">
<kw name="Sleep" library="BuiltIn">
<arg>5s</arg>
<doc>Pauses the test executed for the given time.</doc>
<msg timestamp="20221121 00:58:00.608" level="INFO">Slept 5 seconds</msg>
<status status="PASS" starttime="20221121 00:57:55.593" endtime="20221121 00:58:00.609"/>
</kw>
<kw name="Wait Until Element Is Enabled" library="SeleniumLibrary">
<arg>//button[@type='button']</arg>
<arg>5s</arg>
<doc>Waits until the element ``locator`` is enabled.</doc>
<status status="PASS" starttime="20221121 00:58:00.609" endtime="20221121 00:58:00.689"/>
</kw>
<kw name="Click Element" library="SeleniumLibrary">
<arg>//button[@type='button']</arg>
<doc>Click the element identified by ``locator``.</doc>
<msg timestamp="20221121 00:58:00.690" level="INFO">Clicking element '//button[@type='button']'.</msg>
<status status="PASS" starttime="20221121 00:58:00.689" endtime="20221121 00:58:00.746"/>
</kw>
<kw name="Wait Until Element Is Enabled" library="SeleniumLibrary">
<arg>//input[@type='search']</arg>
<arg>5s</arg>
<doc>Waits until the element ``locator`` is enabled.</doc>
<status status="PASS" starttime="20221121 00:58:00.747" endtime="20221121 00:58:00.791"/>
</kw>
<kw name="Wait Until Keyword Succeeds" library="BuiltIn">
<arg>3</arg>
<arg>5</arg>
<arg>Click Element</arg>
<arg>//input[@type='search']</arg>
<doc>Runs the specified keyword and retries if it fails.</doc>
<kw name="Click Element" library="SeleniumLibrary">
<arg>//input[@type='search']</arg>
<doc>Click the element identified by ``locator``.</doc>
<msg timestamp="20221121 00:58:00.793" level="INFO">Clicking element '//input[@type='search']'.</msg>
<msg timestamp="20221121 00:58:02.459" level="INFO" html="true">&lt;/td&gt;&lt;/tr&gt;&lt;tr&gt;&lt;td colspan="3"&gt;&lt;a href="selenium-screenshot-1.png"&gt;&lt;img src="selenium-screenshot-1.png" width="800px"&gt;&lt;/a&gt;</msg>
<msg timestamp="20221121 00:58:02.460" level="FAIL">ElementClickInterceptedException: Message: element click intercepted: Element &lt;input type="search" name="k" placeholder="Search for people, services or..." data-threshold="3" data-max-results="5" data-root-id="1444" data-component-id="8e5fbbf3-eba0-496c-a1d4-c0b34301eaf4" data-content-id="8e5fbbf3-eba0-496c-a1d4-c0b34301eaf4" autocomplete="off" maxlength="100"&gt; is not clickable at point (1303, 34). Other element would receive the click: &lt;button class="header--toggle" data-trigger="search"&gt;...&lt;/button&gt;
  (Session info: chrome=107.0.5304.107)
Stacktrace:
Backtrace:
	Ordinal0 [0x002BACD3+2075859]
	Ordinal0 [0x0024EE61+1633889]
	Ordinal0 [0x0014B7BD+571325]
	Ordinal0 [0x00181499+791705]
	Ordinal0 [0x0017F4AC+783532]
	Ordinal0 [0x0017D0AB+774315]
	Ordinal0 [0x0017BD37+769335]
	Ordinal0 [0x00171C76+728182]
	Ordinal0 [0x0019731C+881436]
	Ordinal0 [0x001715BF+726463]
	Ordinal0 [0x00197534+881972]
	Ordinal0 [0x001AB56A+963946]
	Ordinal0 [0x00197136+880950]
	Ordinal0 [0x0016FEFD+720637]
	Ordinal0 [0x00170F3F+724799]
	GetHandleVerifier [0x0056EED2+2769538]
	GetHandleVerifier [0x00560D95+2711877]
	GetHandleVerifier [0x0034A03A+521194]
	GetHandleVerifier [0x00348DA0+516432]
	Ordinal0 [0x0025682C+1665068]
	Ordinal0 [0x0025B128+1683752]
	Ordinal0 [0x0025B215+1683989]
	Ordinal0 [0x00266484+1729668]
	BaseThreadInitThunk [0x772FFEF9+25]
	RtlGetAppContainerNamedObjectPath [0x776F7BBE+286]
	RtlGetAppContainerNamedObjectPath [0x776F7B8E+238]
	(No symbol) [0x00000000]
</msg>
<status status="FAIL" starttime="20221121 00:58:00.792" endtime="20221121 00:58:02.467"/>
</kw>
<kw name="Click Element" library="SeleniumLibrary">
<arg>//input[@type='search']</arg>
<doc>Click the element identified by ``locator``.</doc>
<msg timestamp="20221121 00:58:07.473" level="INFO">Clicking element '//input[@type='search']'.</msg>
<status status="PASS" starttime="20221121 00:58:07.470" endtime="20221121 00:58:07.551"/>
</kw>
<status status="PASS" starttime="20221121 00:58:00.792" endtime="20221121 00:58:07.551"/>
</kw>
<kw name="Clear Element Text" library="SeleniumLibrary">
<arg>//input[@type='search']</arg>
<doc>Clears the value of the text-input-element identified by ``locator``.</doc>
<status status="PASS" starttime="20221121 00:58:07.552" endtime="20221121 00:58:07.597"/>
</kw>
<kw name="Input Text" library="SeleniumLibrary">
<arg>//input[@type='search']</arg>
<arg>IFRS 17</arg>
<doc>Types the given ``text`` into the text field identified by ``locator``.</doc>
<msg timestamp="20221121 00:58:07.598" level="INFO">Typing text 'IFRS 17' into text field '//input[@type='search']'.</msg>
<status status="PASS" starttime="20221121 00:58:07.597" endtime="20221121 00:58:07.683"/>
</kw>
<kw name="Press Keys" library="SeleniumLibrary">
<arg>//input[@type='search']</arg>
<arg>ENTER</arg>
<doc>Simulates the user pressing key(s) to an element or on the active browser.</doc>
<msg timestamp="20221121 00:58:07.684" level="INFO">Sending key(s) ('ENTER',) to //input[@type='search'] element.</msg>
<msg timestamp="20221121 00:58:07.991" level="INFO">Pressing special key ENTER to element.</msg>
<msg timestamp="20221121 00:58:07.992" level="INFO">Releasing special key ENTER.</msg>
<status status="PASS" starttime="20221121 00:58:07.683" endtime="20221121 00:58:08.521"/>
</kw>
<status status="PASS" starttime="20221121 00:57:55.593" endtime="20221121 00:58:08.522"/>
</kw>
<kw name="THEN I see three results with titles" library="keywords">
<doc>ASSERT: Assert on the three result returned, confirm three results and assert on each results
title.</doc>
<kw name="Wait Until Page Contains" library="SeleniumLibrary">
<arg>results</arg>
<doc>Waits until ``text`` appears on the current page.</doc>
<status status="PASS" starttime="20221121 00:58:08.524" endtime="20221121 00:58:08.551"/>
</kw>
<kw name="Capture Page Screenshot" library="SeleniumLibrary">
<doc>Takes a screenshot of the current page and embeds it into a log file.</doc>
<msg timestamp="20221121 00:58:08.756" level="INFO" html="true">&lt;/td&gt;&lt;/tr&gt;&lt;tr&gt;&lt;td colspan="3"&gt;&lt;a href="selenium-screenshot-2.png"&gt;&lt;img src="selenium-screenshot-2.png" width="800px"&gt;&lt;/a&gt;</msg>
<status status="PASS" starttime="20221121 00:58:08.551" endtime="20221121 00:58:08.756"/>
</kw>
<kw name="Page Should Contain" library="SeleniumLibrary">
<arg>Interim results for the six months ended 30 June 2022</arg>
<doc>Verifies that current page contains ``text``.</doc>
<msg timestamp="20221121 00:58:08.788" level="INFO">Current page contains text 'Interim results for the six months ended 30 June 2022'.</msg>
<status status="PASS" starttime="20221121 00:58:08.757" endtime="20221121 00:58:08.788"/>
</kw>
<kw name="Page Should Contain" library="SeleniumLibrary">
<arg>Gavin Wilkinson</arg>
<doc>Verifies that current page contains ``text``.</doc>
<msg timestamp="20221121 00:58:08.817" level="INFO">Current page contains text 'Gavin Wilkinson'.</msg>
<status status="PASS" starttime="20221121 00:58:08.789" endtime="20221121 00:58:08.817"/>
</kw>
<kw name="Page Should Contain" library="SeleniumLibrary">
<arg>John King</arg>
<doc>Verifies that current page contains ``text``.</doc>
<msg timestamp="20221121 00:58:08.836" level="INFO">Current page contains text 'John King'.</msg>
<status status="PASS" starttime="20221121 00:58:08.817" endtime="20221121 00:58:08.836"/>
</kw>
<status status="PASS" starttime="20221121 00:58:08.523" endtime="20221121 00:58:08.836"/>
</kw>
<doc>*As a USER I* want to be able to confirm *three title results*</doc>
<status status="PASS" starttime="20221121 00:57:53.086" endtime="20221121 00:58:08.836"/>
</test>
<test id="s1-t2" name="Scenario_2" line="11">
<kw name="GIVEN I have navigated brits insurance screen" library="keywords">
<kw name="load_the_URL_path" library="keywords">
<doc>Navigate: Go to https://www.britinsurance.com/</doc>
<kw name="Evaluate" library="BuiltIn">
<var>${chrome_options}</var>
<arg>sys.modules['selenium.webdriver'].ChromeOptions()</arg>
<arg>sys, selenium.webdriver</arg>
<doc>Evaluates the given expression in Python and returns the result.</doc>
<msg timestamp="20221121 00:58:08.840" level="INFO">${chrome_options} = &lt;selenium.webdriver.chrome.options.Options object at 0x04B187F0&gt;</msg>
<status status="PASS" starttime="20221121 00:58:08.840" endtime="20221121 00:58:08.840"/>
</kw>
<kw name="Call Method" library="BuiltIn">
<arg>${chrome_options}</arg>
<arg>add_argument</arg>
<arg>--log-level\=3</arg>
<doc>Calls the named method of the given object with the provided arguments.</doc>
<status status="PASS" starttime="20221121 00:58:08.840" endtime="20221121 00:58:08.841"/>
</kw>
<kw name="Call Method" library="BuiltIn">
<arg>${chrome_options}</arg>
<arg>add_argument</arg>
<arg>--start-maximized</arg>
<doc>Calls the named method of the given object with the provided arguments.</doc>
<status status="PASS" starttime="20221121 00:58:08.841" endtime="20221121 00:58:08.841"/>
</kw>
<kw name="Call Method" library="BuiltIn">
<arg>${chrome_options}</arg>
<arg>add_argument</arg>
<arg>--disable-extensions</arg>
<doc>Calls the named method of the given object with the provided arguments.</doc>
<status status="PASS" starttime="20221121 00:58:08.841" endtime="20221121 00:58:08.842"/>
</kw>
<kw name="Create Webdriver" library="SeleniumLibrary">
<arg>Chrome</arg>
<arg>chrome_options=${chrome_options}</arg>
<doc>Creates an instance of Selenium WebDriver.</doc>
<msg timestamp="20221121 00:58:08.845" level="INFO">Creating an instance of the Chrome WebDriver.</msg>
<status status="PASS" starttime="20221121 00:58:08.842" endtime="20221121 00:58:10.405"/>
</kw>
<kw name="Go To" library="SeleniumLibrary">
<arg>${testURL}</arg>
<doc>Navigates the current browser window to the provided ``url``.</doc>
<msg timestamp="20221121 00:58:10.406" level="INFO">Opening url 'https://www.britinsurance.com/'</msg>
<status status="PASS" starttime="20221121 00:58:10.405" endtime="20221121 00:58:11.174"/>
</kw>
<kw name="Maximize Browser Window" library="SeleniumLibrary">
<doc>Maximizes current browser window.</doc>
<status status="PASS" starttime="20221121 00:58:11.174" endtime="20221121 00:58:11.182"/>
</kw>
<kw name="Wait Until Page Contains" library="SeleniumLibrary">
<arg>Brit Insurance</arg>
<arg>5s</arg>
<doc>Waits until ``text`` appears on the current page.</doc>
<status status="PASS" starttime="20221121 00:58:11.182" endtime="20221121 00:58:11.203"/>
</kw>
<status status="PASS" starttime="20221121 00:58:08.839" endtime="20221121 00:58:11.203"/>
</kw>
<kw name="Page Should Contain Button" library="SeleniumLibrary">
<arg>//button[@type='button']</arg>
<doc>Verifies button ``locator`` is found from current page.</doc>
<msg timestamp="20221121 00:58:11.363" level="INFO">Current page contains button '//button[@type='button']'.</msg>
<status status="PASS" starttime="20221121 00:58:11.203" endtime="20221121 00:58:11.363"/>
</kw>
<kw name="Page Should Contain Button" library="SeleniumLibrary">
<arg>class:header--toggle</arg>
<doc>Verifies button ``locator`` is found from current page.</doc>
<msg timestamp="20221121 00:58:11.421" level="INFO">Current page contains button 'class:header--toggle'.</msg>
<status status="PASS" starttime="20221121 00:58:11.363" endtime="20221121 00:58:11.421"/>
</kw>
<kw name="Page Should Contain Link" library="SeleniumLibrary">
<arg>class:link-overlay</arg>
<doc>Verifies link identified by ``locator`` is found from current page.</doc>
<msg timestamp="20221121 00:58:11.439" level="INFO">Current page contains link 'class:link-overlay'.</msg>
<status status="PASS" starttime="20221121 00:58:11.421" endtime="20221121 00:58:11.439"/>
</kw>
<status status="PASS" starttime="20221121 00:58:08.839" endtime="20221121 00:58:11.439"/>
</kw>
<kw name="WHEN I navigated to contact page" library="keywords">
<kw name="Sleep" library="BuiltIn">
<arg>5s</arg>
<doc>Pauses the test executed for the given time.</doc>
<msg timestamp="20221121 00:58:16.451" level="INFO">Slept 5 seconds</msg>
<status status="PASS" starttime="20221121 00:58:11.440" endtime="20221121 00:58:16.451"/>
</kw>
<kw name="Click Element" library="SeleniumLibrary">
<arg>class:header--toggle</arg>
<doc>Click the element identified by ``locator``.</doc>
<msg timestamp="20221121 00:58:16.452" level="INFO">Clicking element 'class:header--toggle'.</msg>
<status status="PASS" starttime="20221121 00:58:16.451" endtime="20221121 00:58:16.532"/>
</kw>
<kw name="Wait Until Element Is Enabled" library="SeleniumLibrary">
<arg>//a[@href='/contact' and contains(text(),'contact')]</arg>
<arg>5s</arg>
<doc>Waits until the element ``locator`` is enabled.</doc>
<status status="PASS" starttime="20221121 00:58:16.532" endtime="20221121 00:58:16.605"/>
</kw>
<kw name="Execute Javascript" library="SeleniumLibrary">
<arg>window.document.evaluate("//a[@href='/contact' and contains(text(),'contact')]", document, null, XPathResult.FIRST_ORDERED_NODE_TYPE, null).singleNodeValue.scrollIntoView(true)</arg>
<doc>Executes the given JavaScript code with possible arguments.</doc>
<msg timestamp="20221121 00:58:16.606" level="INFO">Executing JavaScript:
window.document.evaluate("//a[@href='/contact' and contains(text(),'contact')]", document, null, XPathResult.FIRST_ORDERED_NODE_TYPE, null).singleNodeValue.scrollIntoView(true)
Without any arguments.</msg>
<status status="PASS" starttime="20221121 00:58:16.605" endtime="20221121 00:58:16.631"/>
</kw>
<kw name="Wait Until Keyword Succeeds" library="BuiltIn">
<arg>5</arg>
<arg>5</arg>
<arg>Click Element</arg>
<arg>//a[@href='/contact' and contains(text(),'contact')]</arg>
<doc>Runs the specified keyword and retries if it fails.</doc>
<kw name="Click Element" library="SeleniumLibrary">
<arg>//a[@href='/contact' and contains(text(),'contact')]</arg>
<doc>Click the element identified by ``locator``.</doc>
<msg timestamp="20221121 00:58:16.635" level="INFO">Clicking element '//a[@href='/contact' and contains(text(),'contact')]'.</msg>
<status status="PASS" starttime="20221121 00:58:16.633" endtime="20221121 00:58:17.222"/>
</kw>
<status status="PASS" starttime="20221121 00:58:16.632" endtime="20221121 00:58:17.222"/>
</kw>
<kw name="Wait Until Page Contains" library="SeleniumLibrary">
<arg>Bermuda Office</arg>
<arg>5s</arg>
<doc>Waits until ``text`` appears on the current page.</doc>
<status status="PASS" starttime="20221121 00:58:17.222" endtime="20221121 00:58:17.247"/>
</kw>
<status status="PASS" starttime="20221121 00:58:11.440" endtime="20221121 00:58:17.247"/>
</kw>
<kw name="AND I extract the Bermuda office address from the Bermuda office section" library="keywords">
<kw name="Wait Until Page Contains" library="SeleniumLibrary">
<arg>Contact us</arg>
<arg>5s</arg>
<doc>Waits until ``text`` appears on the current page.</doc>
<status status="PASS" starttime="20221121 00:58:17.248" endtime="20221121 00:58:18.606"/>
</kw>
<kw name="Execute Javascript" library="SeleniumLibrary">
<arg>window.document.evaluate("//p[@class='location__city' and contains(text(),'Pembroke')]", document, null, XPathResult.FIRST_ORDERED_NODE_TYPE, null).singleNodeValue.scrollIntoView(true)</arg>
<doc>Executes the given JavaScript code with possible arguments.</doc>
<msg timestamp="20221121 00:58:18.607" level="INFO">Executing JavaScript:
window.document.evaluate("//p[@class='location__city' and contains(text(),'Pembroke')]", document, null, XPathResult.FIRST_ORDERED_NODE_TYPE, null).singleNodeValue.scrollIntoView(true)
Without any arguments.</msg>
<status status="PASS" starttime="20221121 00:58:18.606" endtime="20221121 00:58:18.615"/>
</kw>
<kw name="Get Text" library="SeleniumLibrary">
<var>${print address}</var>
<arg>//p[@class='location__city' and contains(text(),'Pembroke')]/../address</arg>
<doc>Returns the text value of the element identified by ``locator``.</doc>
<msg timestamp="20221121 00:58:18.656" level="INFO">${print address} = Ground Floor, Chesney House
The Waterfront, 96 Pitts Bay Road,
Pembroke, Hamilton HM 08, Bermuda</msg>
<status status="PASS" starttime="20221121 00:58:18.615" endtime="20221121 00:58:18.656"/>
</kw>
<kw name="Log To Console" library="BuiltIn">
<arg>${print address}</arg>
<doc>Logs the given message to the console.</doc>
<status status="PASS" starttime="20221121 00:58:18.656" endtime="20221121 00:58:18.659"/>
</kw>
<kw name="Set Test Variable" library="BuiltIn">
<arg>${print address}</arg>
<doc>Makes a variable available everywhere within the scope of the current test.</doc>
<msg timestamp="20221121 00:58:18.662" level="INFO">${print address} = Ground Floor, Chesney House
The Waterfront, 96 Pitts Bay Road,
Pembroke, Hamilton HM 08, Bermuda</msg>
<status status="PASS" starttime="20221121 00:58:18.660" endtime="20221121 00:58:18.662"/>
</kw>
<status status="PASS" starttime="20221121 00:58:17.248" endtime="20221121 00:58:18.662"/>
</kw>
<kw name="THEN I see the address" library="keywords">
<kw name="Log" library="BuiltIn">
<arg>${print address}</arg>
<doc>Logs the given message with the given level.</doc>
<msg timestamp="20221121 00:58:18.664" level="INFO">Ground Floor, Chesney House
The Waterfront, 96 Pitts Bay Road,
Pembroke, Hamilton HM 08, Bermuda</msg>
<status status="PASS" starttime="20221121 00:58:18.664" endtime="20221121 00:58:18.664"/>
</kw>
<kw name="Should Be Equal As Strings" library="BuiltIn">
<arg>${print address}</arg>
<arg>Ground Floor, Chesney House\nThe Waterfront, 96 Pitts Bay Road,\nPembroke, Hamilton HM 08, Bermuda</arg>
<doc>Fails if objects are unequal after converting them to strings.</doc>
<status status="PASS" starttime="20221121 00:58:18.665" endtime="20221121 00:58:18.665"/>
</kw>
<status status="PASS" starttime="20221121 00:58:18.663" endtime="20221121 00:58:18.665"/>
</kw>
<doc>*AS A USER I* want to *Extract the Bermuda office address*</doc>
<status status="PASS" starttime="20221121 00:58:08.838" endtime="20221121 00:58:18.666"/>
</test>
<status status="PASS" starttime="20221121 00:57:52.674" endtime="20221121 00:58:18.668"/>
</suite>
<statistics>
<total>
<stat pass="2" fail="0" skip="0">All Tests</stat>
</total>
<tag>
</tag>
<suite>
<stat pass="2" fail="0" skip="0" id="s1" name="Britinsurance">Britinsurance</stat>
</suite>
</statistics>
<errors>
</errors>
</robot>
